This file contains any messages produced by compilers while
running configure, to aid debugging if configure makes a mistake.

It was created by libcsv_parser++ configure 1.0.0, which was
generated by GNU Autoconf 2.61.  Invocation command line was

  $ ./configure 

## --------- ##
## Platform. ##
## --------- ##

hostname = Brian-Lubbens-Mac-mini.local
uname -m = i386
uname -r = 10.8.0
uname -s = Darwin
uname -v = Darwin Kernel Version 10.8.0: Tue Jun  7 16:33:36 PDT 2011; root:xnu-1504.15.3~1/RELEASE_I386

/usr/bin/uname -p = i386
/bin/uname -X     = unknown

/bin/arch              = unknown
/usr/bin/arch -k       = unknown
/usr/convex/getsysinfo = unknown
/usr/bin/hostinfo      = Mach kernel version:
	 Darwin Kernel Version 10.8.0: Tue Jun  7 16:33:36 PDT 2011; root:xnu-1504.15.3~1/RELEASE_I386
Kernel configured for up to 2 processors.
2 processors are physically available.
2 processors are logically available.
Processor type: i486 (Intel 80486)
Processors active: 0 1
Primary memory available: 2.00 gigabytes
Default processor set: 75 tasks, 428 threads, 2 processors
Load average: 1.78, Mach factor: 0.65
/bin/machine           = unknown
/usr/bin/oslevel       = unknown
/bin/universe          = unknown

PATH: /usr/bin
PATH: /bin
PATH: /usr/sbin
PATH: /sbin
PATH: /usr/local/bin
PATH: /usr/local/git/bin
PATH: /usr/texbin
PATH: /usr/X11/bin


## ----------- ##
## Core tests. ##
## ----------- ##

configure:1996: checking for a BSD-compatible install
configure:2052: result: /usr/bin/install -c
configure:2063: checking whether build environment is sane
configure:2106: result: yes
configure:2134: checking for a thread-safe mkdir -p
configure:2173: result: ./install-sh -c -d
configure:2186: checking for gawk
configure:2216: result: no
configure:2186: checking for mawk
configure:2216: result: no
configure:2186: checking for nawk
configure:2216: result: no
configure:2186: checking for awk
configure:2202: found /usr/bin/awk
configure:2213: result: awk
configure:2224: checking whether make sets $(MAKE)
configure:2245: result: yes
configure:2596: checking for g++
configure:2612: found /usr/bin/g++
configure:2623: result: g++
configure:2654: checking for C++ compiler version
configure:2661: g++ --version >&5
i686-apple-darwin10-g++-4.2.1 (GCC) 4.2.1 (Apple Inc. build 5666) (dot 3)
Copyright (C) 2007 Free Software Foundation, Inc.
This is free software; see the source for copying conditions.  There is NO
warranty; not even for MERCHANTABILITY or FITNESS FOR A PARTICULAR PURPOSE.

configure:2664: $? = 0
configure:2671: g++ -v >&5
Using built-in specs.
Target: i686-apple-darwin10
Configured with: /var/tmp/gcc/gcc-5666.3~6/src/configure --disable-checking --enable-werror --prefix=/usr --mandir=/share/man --enable-languages=c,objc,c++,obj-c++ --program-transform-name=/^[cg][^.-]*$/s/$/-4.2/ --with-slibdir=/usr/lib --build=i686-apple-darwin10 --program-prefix=i686-apple-darwin10- --host=x86_64-apple-darwin10 --target=i686-apple-darwin10 --with-gxx-include-dir=/include/c++/4.2.1
Thread model: posix
gcc version 4.2.1 (Apple Inc. build 5666) (dot 3)
configure:2674: $? = 0
configure:2681: g++ -V >&5
g++-4.2: argument to `-V' is missing
configure:2684: $? = 1
configure:2707: checking for C++ compiler default output file name
configure:2734: g++    conftest.cpp  >&5
configure:2737: $? = 0
configure:2775: result: a.out
configure:2792: checking whether the C++ compiler works
configure:2802: ./a.out
configure:2805: $? = 0
configure:2822: result: yes
configure:2829: checking whether we are cross compiling
configure:2831: result: no
configure:2834: checking for suffix of executables
configure:2841: g++ -o conftest    conftest.cpp  >&5
configure:2844: $? = 0
configure:2868: result: 
configure:2874: checking for suffix of object files
configure:2900: g++ -c   conftest.cpp >&5
configure:2903: $? = 0
configure:2926: result: o
configure:2930: checking whether we are using the GNU C++ compiler
configure:2959: g++ -c   conftest.cpp >&5
configure:2965: $? = 0
configure:2982: result: yes
configure:2987: checking whether g++ accepts -g
configure:3017: g++ -c -g  conftest.cpp >&5
configure:3023: $? = 0
configure:3122: result: yes
configure:3156: checking for style of include used by make
configure:3184: result: GNU
configure:3209: checking dependency style of g++
configure:3300: result: gcc3
configure:3394: checking build system type
configure:3412: result: i386-apple-darwin10.8.0
configure:3434: checking host system type
configure:3449: result: i386-apple-darwin10.8.0
configure:3519: checking for gcc
configure:3535: found /usr/bin/gcc
configure:3546: result: gcc
configure:3784: checking for C compiler version
configure:3791: gcc --version >&5
i686-apple-darwin10-gcc-4.2.1 (GCC) 4.2.1 (Apple Inc. build 5666) (dot 3)
Copyright (C) 2007 Free Software Foundation, Inc.
This is free software; see the source for copying conditions.  There is NO
warranty; not even for MERCHANTABILITY or FITNESS FOR A PARTICULAR PURPOSE.

configure:3794: $? = 0
configure:3801: gcc -v >&5
Using built-in specs.
Target: i686-apple-darwin10
Configured with: /var/tmp/gcc/gcc-5666.3~6/src/configure --disable-checking --enable-werror --prefix=/usr --mandir=/share/man --enable-languages=c,objc,c++,obj-c++ --program-transform-name=/^[cg][^.-]*$/s/$/-4.2/ --with-slibdir=/usr/lib --build=i686-apple-darwin10 --program-prefix=i686-apple-darwin10- --host=x86_64-apple-darwin10 --target=i686-apple-darwin10 --with-gxx-include-dir=/include/c++/4.2.1
Thread model: posix
gcc version 4.2.1 (Apple Inc. build 5666) (dot 3)
configure:3804: $? = 0
configure:3811: gcc -V >&5
gcc-4.2: argument to `-V' is missing
configure:3814: $? = 1
configure:3817: checking whether we are using the GNU C compiler
configure:3846: gcc -c   conftest.c >&5
configure:3852: $? = 0
configure:3869: result: yes
configure:3874: checking whether gcc accepts -g
configure:3904: gcc -c -g  conftest.c >&5
configure:3910: $? = 0
configure:4009: result: yes
configure:4026: checking for gcc option to accept ISO C89
configure:4100: gcc  -c -g -O2  conftest.c >&5
configure:4106: $? = 0
configure:4129: result: none needed
configure:4149: checking dependency style of gcc
configure:4240: result: gcc3
configure:4255: checking for a sed that does not truncate output
configure:4311: result: /usr/bin/sed
configure:4314: checking for grep that handles long lines and -e
configure:4388: result: /usr/bin/grep
configure:4393: checking for egrep
configure:4471: result: /usr/bin/grep -E
configure:4487: checking for ld used by gcc
configure:4554: result: /usr/libexec/gcc/i686-apple-darwin10/4.2.1/ld
configure:4563: checking if the linker (/usr/libexec/gcc/i686-apple-darwin10/4.2.1/ld) is GNU ld
configure:4578: result: no
configure:4583: checking for /usr/libexec/gcc/i686-apple-darwin10/4.2.1/ld option to reload object files
configure:4590: result: -r
configure:4608: checking for BSD-compatible nm
configure:4657: result: /usr/bin/nm
configure:4661: checking whether ln -s works
configure:4665: result: yes
configure:4672: checking how to recognize dependent libraries
configure:4858: result: pass_all
configure:5104: checking how to run the C preprocessor
configure:5144: gcc -E  conftest.c
configure:5150: $? = 0
configure:5181: gcc -E  conftest.c
conftest.c:10:28: error: ac_nonexistent.h: No such file or directory
configure:5187: $? = 1
configure: failed program was:
| /* confdefs.h.  */
| #define PACKAGE_NAME "libcsv_parser++"
| #define PACKAGE_TARNAME "libcsv_parser++-dev"
| #define PACKAGE_VERSION "1.0.0"
| #define PACKAGE_STRING "libcsv_parser++ 1.0.0"
| #define PACKAGE_BUGREPORT "israel.ekpo@israelekpo.com"
| #define PACKAGE "libcsv_parser++"
| #define VERSION "1.0.0"
| /* end confdefs.h.  */
| #include <ac_nonexistent.h>
configure:5220: result: gcc -E
configure:5249: gcc -E  conftest.c
configure:5255: $? = 0
configure:5286: gcc -E  conftest.c
conftest.c:10:28: error: ac_nonexistent.h: No such file or directory
configure:5292: $? = 1
configure: failed program was:
| /* confdefs.h.  */
| #define PACKAGE_NAME "libcsv_parser++"
| #define PACKAGE_TARNAME "libcsv_parser++-dev"
| #define PACKAGE_VERSION "1.0.0"
| #define PACKAGE_STRING "libcsv_parser++ 1.0.0"
| #define PACKAGE_BUGREPORT "israel.ekpo@israelekpo.com"
| #define PACKAGE "libcsv_parser++"
| #define VERSION "1.0.0"
| /* end confdefs.h.  */
| #include <ac_nonexistent.h>
configure:5330: checking for ANSI C header files
configure:5360: gcc -c -g -O2  conftest.c >&5
configure:5366: $? = 0
configure:5465: gcc -o conftest -g -O2   conftest.c  >&5
configure:5468: $? = 0
configure:5474: ./conftest
configure:5477: $? = 0
configure:5494: result: yes
configure:5518: checking for sys/types.h
configure:5539: gcc -c -g -O2  conftest.c >&5
configure:5545: $? = 0
configure:5561: result: yes
configure:5518: checking for sys/stat.h
configure:5539: gcc -c -g -O2  conftest.c >&5
configure:5545: $? = 0
configure:5561: result: yes
configure:5518: checking for stdlib.h
configure:5539: gcc -c -g -O2  conftest.c >&5
configure:5545: $? = 0
configure:5561: result: yes
configure:5518: checking for string.h
configure:5539: gcc -c -g -O2  conftest.c >&5
configure:5545: $? = 0
configure:5561: result: yes
configure:5518: checking for memory.h
configure:5539: gcc -c -g -O2  conftest.c >&5
configure:5545: $? = 0
configure:5561: result: yes
configure:5518: checking for strings.h
configure:5539: gcc -c -g -O2  conftest.c >&5
configure:5545: $? = 0
configure:5561: result: yes
configure:5518: checking for inttypes.h
configure:5539: gcc -c -g -O2  conftest.c >&5
configure:5545: $? = 0
configure:5561: result: yes
configure:5518: checking for stdint.h
configure:5539: gcc -c -g -O2  conftest.c >&5
configure:5545: $? = 0
configure:5561: result: yes
configure:5518: checking for unistd.h
configure:5539: gcc -c -g -O2  conftest.c >&5
configure:5545: $? = 0
configure:5561: result: yes
configure:5588: checking dlfcn.h usability
configure:5605: gcc -c -g -O2  conftest.c >&5
configure:5611: $? = 0
configure:5625: result: yes
configure:5629: checking dlfcn.h presence
configure:5644: gcc -E  conftest.c
configure:5650: $? = 0
configure:5664: result: yes
configure:5697: checking for dlfcn.h
configure:5705: result: yes
configure:5728: checking how to run the C++ preprocessor
configure:5764: g++ -E  conftest.cpp
configure:5770: $? = 0
configure:5801: g++ -E  conftest.cpp
conftest.cpp:21:28: error: ac_nonexistent.h: No such file or directory
configure:5807: $? = 1
configure: failed program was:
| /* confdefs.h.  */
| #define PACKAGE_NAME "libcsv_parser++"
| #define PACKAGE_TARNAME "libcsv_parser++-dev"
| #define PACKAGE_VERSION "1.0.0"
| #define PACKAGE_STRING "libcsv_parser++ 1.0.0"
| #define PACKAGE_BUGREPORT "israel.ekpo@israelekpo.com"
| #define PACKAGE "libcsv_parser++"
| #define VERSION "1.0.0"
| #define STDC_HEADERS 1
| #define HAVE_SYS_TYPES_H 1
| #define HAVE_SYS_STAT_H 1
| #define HAVE_STDLIB_H 1
| #define HAVE_STRING_H 1
| #define HAVE_MEMORY_H 1
| #define HAVE_STRINGS_H 1
| #define HAVE_INTTYPES_H 1
| #define HAVE_STDINT_H 1
| #define HAVE_UNISTD_H 1
| #define HAVE_DLFCN_H 1
| /* end confdefs.h.  */
| #include <ac_nonexistent.h>
configure:5840: result: g++ -E
configure:5869: g++ -E  conftest.cpp
configure:5875: $? = 0
configure:5906: g++ -E  conftest.cpp
conftest.cpp:21:28: error: ac_nonexistent.h: No such file or directory
configure:5912: $? = 1
configure: failed program was:
| /* confdefs.h.  */
| #define PACKAGE_NAME "libcsv_parser++"
| #define PACKAGE_TARNAME "libcsv_parser++-dev"
| #define PACKAGE_VERSION "1.0.0"
| #define PACKAGE_STRING "libcsv_parser++ 1.0.0"
| #define PACKAGE_BUGREPORT "israel.ekpo@israelekpo.com"
| #define PACKAGE "libcsv_parser++"
| #define VERSION "1.0.0"
| #define STDC_HEADERS 1
| #define HAVE_SYS_TYPES_H 1
| #define HAVE_SYS_STAT_H 1
| #define HAVE_STDLIB_H 1
| #define HAVE_STRING_H 1
| #define HAVE_MEMORY_H 1
| #define HAVE_STRINGS_H 1
| #define HAVE_INTTYPES_H 1
| #define HAVE_STDINT_H 1
| #define HAVE_UNISTD_H 1
| #define HAVE_DLFCN_H 1
| /* end confdefs.h.  */
| #include <ac_nonexistent.h>
configure:6004: checking for g77
configure:6034: result: no
configure:6004: checking for xlf
configure:6034: result: no
configure:6004: checking for f77
configure:6034: result: no
configure:6004: checking for frt
configure:6034: result: no
configure:6004: checking for pgf77
configure:6034: result: no
configure:6004: checking for cf77
configure:6034: result: no
configure:6004: checking for fort77
configure:6034: result: no
configure:6004: checking for fl32
configure:6034: result: no
configure:6004: checking for af77
configure:6034: result: no
configure:6004: checking for xlf90
configure:6034: result: no
configure:6004: checking for f90
configure:6034: result: no
configure:6004: checking for pgf90
configure:6034: result: no
configure:6004: checking for pghpf
configure:6034: result: no
configure:6004: checking for epcf90
configure:6034: result: no
configure:6004: checking for gfortran
configure:6034: result: no
configure:6004: checking for g95
configure:6034: result: no
configure:6004: checking for xlf95
configure:6034: result: no
configure:6004: checking for f95
configure:6034: result: no
configure:6004: checking for fort
configure:6034: result: no
configure:6004: checking for ifort
configure:6034: result: no
configure:6004: checking for ifc
configure:6034: result: no
configure:6004: checking for efc
configure:6034: result: no
configure:6004: checking for pgf95
configure:6034: result: no
configure:6004: checking for lf95
configure:6034: result: no
configure:6004: checking for ftn
configure:6034: result: no
configure:6061: checking for Fortran 77 compiler version
configure:6068:  --version >&5
./configure: line 6069: --version: command not found
configure:6071: $? = 127
configure:6078:  -v >&5
./configure: line 6079: -v: command not found
configure:6081: $? = 127
configure:6088:  -V >&5
./configure: line 6089: -V: command not found
configure:6091: $? = 127
configure:6099: checking whether we are using the GNU Fortran 77 compiler
configure:6118:  -c  conftest.F >&5
./configure: line 6119: -c: command not found
configure:6124: $? = 127
configure: failed program was:
|       program main
| #ifndef __GNUC__
|        choke me
| #endif
| 
|       end
configure:6141: result: no
configure:6147: checking whether  accepts -g
configure:6164:  -c -g conftest.f >&5
./configure: line 6165: -c: command not found
configure:6170: $? = 127
configure: failed program was:
|       program main
| 
|       end
configure:6186: result: no
configure:6215: checking the maximum length of command line arguments
configure:6327: result: 196608
configure:6339: checking command to parse /usr/bin/nm output from gcc object
configure:6444: g++ -c -g -O2  conftest.cpp >&5
configure:6447: $? = 0
configure:6451: /usr/bin/nm conftest.o \| sed -n -e 's/^.*[ 	]\([BCDEGRST][BCDEGRST]*\)[ 	][ 	]*\([_A-Za-z][_A-Za-z0-9]*\)$/\1 \2 \2/p' \> conftest.nm
configure:6454: $? = 0
cannot find nm_test_var in conftest.nm
configure:6444: g++ -c -g -O2  conftest.cpp >&5
configure:6447: $? = 0
configure:6451: /usr/bin/nm conftest.o \| sed -n -e 's/^.*[ 	]\([BCDEGRST][BCDEGRST]*\)[ 	][ 	]*_\([_A-Za-z][_A-Za-z0-9]*\)$/\1 _\2 \2/p' \> conftest.nm
configure:6454: $? = 0
configure:6506: g++ -o conftest -g -O2   conftest.cpp conftstm.o >&5
configure:6509: $? = 0
configure:6547: result: ok
configure:6551: checking for objdir
configure:6566: result: .libs
configure:6658: checking for ar
configure:6674: found /usr/bin/ar
configure:6685: result: ar
configure:6754: checking for ranlib
configure:6770: found /usr/bin/ranlib
configure:6781: result: ranlib
configure:6850: checking for strip
configure:6866: found /usr/bin/strip
configure:6877: result: strip
configure:7134: checking for dsymutil
configure:7150: found /usr/bin/dsymutil
configure:7161: result: dsymutil
configure:7230: checking for nmedit
configure:7246: found /usr/bin/nmedit
configure:7257: result: nmedit
configure:7284: checking for -single_module linker flag
configure:7305: result: yes
configure:7307: checking for -exported_symbols_list linker flag
configure:7337: g++ -o conftest -g -O2   -Wl,-exported_symbols_list,conftest.sym conftest.cpp  >&5
configure:7343: $? = 0
configure:7362: result: yes
configure:7475: checking if gcc supports -fno-rtti -fno-exceptions
configure:7493: gcc -c -g -O2  -fno-rtti -fno-exceptions conftest.c >&5
cc1: warning: command line option "-fno-rtti" is valid for C++/ObjC++ but not for C
configure:7497: $? = 0
configure:7510: result: no
configure:7525: checking for gcc option to produce PIC
configure:7757: result: -fno-common
configure:7765: checking if gcc PIC flag -fno-common works
configure:7783: gcc -c -g -O2  -fno-common -DPIC conftest.c >&5
configure:7787: $? = 0
configure:7800: result: yes
configure:7828: checking if gcc static flag -static works
configure:7856: result: no
configure:7866: checking if gcc supports -c -o file.o
configure:7887: gcc -c -g -O2  -o out/conftest2.o conftest.c >&5
configure:7891: $? = 0
configure:7913: result: yes
configure:7939: checking whether the gcc linker (/usr/libexec/gcc/i686-apple-darwin10/4.2.1/ld) supports shared libraries
configure:8920: result: yes
configure:8987: checking dynamic linker characteristics
configure:9601: result: darwin10.8.0 dyld
configure:9625: checking how to hardcode library paths into programs
configure:9650: result: immediate
configure:9664: checking whether stripping libraries is possible
configure:9678: result: yes
configure:10471: checking if libtool supports shared libraries
configure:10473: result: yes
configure:10476: checking whether to build shared libraries
configure:10497: result: yes
configure:10500: checking whether to build static libraries
configure:10504: result: yes
configure:10598: creating libtool
configure:11191: checking for ld used by g++
configure:11258: result: /usr/libexec/gcc/i686-apple-darwin10/4.2.1/ld
configure:11267: checking if the linker (/usr/libexec/gcc/i686-apple-darwin10/4.2.1/ld) is GNU ld
configure:11282: result: no
configure:11333: checking whether the g++ linker (/usr/libexec/gcc/i686-apple-darwin10/4.2.1/ld) supports shared libraries
configure:12279: result: yes
configure:12296: g++ -c -g -O2  conftest.cpp >&5
configure:12299: $? = 0
configure:12455: checking for g++ option to produce PIC
configure:12739: result: -fno-common
configure:12747: checking if g++ PIC flag -fno-common works
configure:12765: g++ -c -g -O2  -fno-common -DPIC conftest.cpp >&5
configure:12769: $? = 0
configure:12782: result: yes
configure:12810: checking if g++ static flag -static works
configure:12838: result: no
configure:12848: checking if g++ supports -c -o file.o
configure:12869: g++ -c -g -O2  -o out/conftest2.o conftest.cpp >&5
configure:12873: $? = 0
configure:12895: result: yes
configure:12921: checking whether the g++ linker (/usr/libexec/gcc/i686-apple-darwin10/4.2.1/ld) supports shared libraries
configure:12950: result: yes
configure:13017: checking dynamic linker characteristics
configure:13579: result: darwin10.8.0 dyld
configure:13603: checking how to hardcode library paths into programs
configure:13628: result: immediate
configure:19878: checking for libtool
configure:19894: found /usr/bin/libtool
configure:19906: result: true
configure:20070: creating ./config.status

## ---------------------- ##
## Running config.status. ##
## ---------------------- ##

This file was extended by libcsv_parser++ config.status 1.0.0, which was
generated by GNU Autoconf 2.61.  Invocation command line was

  CONFIG_FILES    = 
  CONFIG_HEADERS  = 
  CONFIG_LINKS    = 
  CONFIG_COMMANDS = 
  $ ./config.status 

on Brian-Lubbens-Mac-mini.local

config.status:649: creating LICENSE
config.status:840: executing depfiles commands
configure:21354: creating ./config.status

## ---------------------- ##
## Running config.status. ##
## ---------------------- ##

This file was extended by libcsv_parser++ config.status 1.0.0, which was
generated by GNU Autoconf 2.61.  Invocation command line was

  CONFIG_FILES    = 
  CONFIG_HEADERS  = 
  CONFIG_LINKS    = 
  CONFIG_COMMANDS = 
  $ ./config.status 

on Brian-Lubbens-Mac-mini.local

config.status:650: creating LICENSE
config.status:650: creating Makefile
config.status:841: executing depfiles commands
configure:22639: creating ./config.status

## ---------------------- ##
## Running config.status. ##
## ---------------------- ##

This file was extended by libcsv_parser++ config.status 1.0.0, which was
generated by GNU Autoconf 2.61.  Invocation command line was

  CONFIG_FILES    = 
  CONFIG_HEADERS  = 
  CONFIG_LINKS    = 
  CONFIG_COMMANDS = 
  $ ./config.status 

on Brian-Lubbens-Mac-mini.local

config.status:651: creating LICENSE
config.status:651: creating Makefile
config.status:651: creating csv_parser-config
config.status:842: executing depfiles commands
configure:23791:

Environment configuration has completed successfully.

You are now ready to run make and make install.

This will install your csv_parser library object code into /usr/lib and your development header files into /usr/include/csv_parser

+------------------------------------------------------------------------+
| License:                                                               |
| This software is subject to the new BSD License, available in this     |
| distribution in the file LICENSE.  By continuing this installation     |
| process, you are bound by the terms of this license agreement.         |
| If you do not agree with the terms of this license, you must abort     |
| the installation process at this point.                                |
+------------------------------------------------------------------------+

Thank you for using libcsv_parser++.



## ---------------- ##
## Cache variables. ##
## ---------------- ##

ac_cv_build=i386-apple-darwin10.8.0
ac_cv_c_compiler_gnu=yes
ac_cv_cxx_compiler_gnu=yes
ac_cv_env_CCC_set=
ac_cv_env_CCC_value=
ac_cv_env_CC_set=
ac_cv_env_CC_value=
ac_cv_env_CFLAGS_set=
ac_cv_env_CFLAGS_value=
ac_cv_env_CPPFLAGS_set=
ac_cv_env_CPPFLAGS_value=
ac_cv_env_CPP_set=
ac_cv_env_CPP_value=
ac_cv_env_CXXCPP_set=
ac_cv_env_CXXCPP_value=
ac_cv_env_CXXFLAGS_set=
ac_cv_env_CXXFLAGS_value=
ac_cv_env_CXX_set=
ac_cv_env_CXX_value=
ac_cv_env_F77_set=
ac_cv_env_F77_value=
ac_cv_env_FFLAGS_set=
ac_cv_env_FFLAGS_value=
ac_cv_env_LDFLAGS_set=
ac_cv_env_LDFLAGS_value=
ac_cv_env_LIBS_set=
ac_cv_env_LIBS_value=
ac_cv_env_build_alias_set=
ac_cv_env_build_alias_value=
ac_cv_env_host_alias_set=
ac_cv_env_host_alias_value=
ac_cv_env_target_alias_set=
ac_cv_env_target_alias_value=
ac_cv_f77_compiler_gnu=no
ac_cv_header_dlfcn_h=yes
ac_cv_header_inttypes_h=yes
ac_cv_header_memory_h=yes
ac_cv_header_stdc=yes
ac_cv_header_stdint_h=yes
ac_cv_header_stdlib_h=yes
ac_cv_header_string_h=yes
ac_cv_header_strings_h=yes
ac_cv_header_sys_stat_h=yes
ac_cv_header_sys_types_h=yes
ac_cv_header_unistd_h=yes
ac_cv_host=i386-apple-darwin10.8.0
ac_cv_objext=o
ac_cv_path_EGREP='/usr/bin/grep -E'
ac_cv_path_GREP=/usr/bin/grep
ac_cv_path_install='/usr/bin/install -c'
ac_cv_prog_AWK=awk
ac_cv_prog_CPP='gcc -E'
ac_cv_prog_CXXCPP='g++ -E'
ac_cv_prog_ac_ct_AR=ar
ac_cv_prog_ac_ct_CC=gcc
ac_cv_prog_ac_ct_CXX=g++
ac_cv_prog_ac_ct_DSYMUTIL=dsymutil
ac_cv_prog_ac_ct_NMEDIT=nmedit
ac_cv_prog_ac_ct_RANLIB=ranlib
ac_cv_prog_ac_ct_STRIP=strip
ac_cv_prog_cc_c89=
ac_cv_prog_cc_g=yes
ac_cv_prog_cxx_g=yes
ac_cv_prog_f77_g=no
ac_cv_prog_libtool_path=true
ac_cv_prog_make_make_set=yes
am_cv_CC_dependencies_compiler_type=gcc3
am_cv_CXX_dependencies_compiler_type=gcc3
lt_cv_apple_cc_single_mod=yes
lt_cv_deplibs_check_method=pass_all
lt_cv_file_magic_cmd='$MAGIC_CMD'
lt_cv_file_magic_test_file=
lt_cv_ld_exported_symbols_list=yes
lt_cv_ld_reload_flag=-r
lt_cv_objdir=.libs
lt_cv_path_LD=/usr/libexec/gcc/i686-apple-darwin10/4.2.1/ld
lt_cv_path_LDCXX=/usr/libexec/gcc/i686-apple-darwin10/4.2.1/ld
lt_cv_path_NM=/usr/bin/nm
lt_cv_path_SED=/usr/bin/sed
lt_cv_prog_compiler_c_o=yes
lt_cv_prog_compiler_c_o_CXX=yes
lt_cv_prog_compiler_pic_works=yes
lt_cv_prog_compiler_pic_works_CXX=yes
lt_cv_prog_compiler_rtti_exceptions=no
lt_cv_prog_compiler_static_works=no
lt_cv_prog_compiler_static_works_CXX=no
lt_cv_prog_gnu_ld=no
lt_cv_prog_gnu_ldcxx=no
lt_cv_sys_global_symbol_pipe='sed -n -e '\''s/^.*[ 	]\([BCDEGRST][BCDEGRST]*\)[ 	][ 	]*_\([_A-Za-z][_A-Za-z0-9]*\)$/\1 _\2 \2/p'\'''
lt_cv_sys_global_symbol_to_c_name_address='sed -n -e '\''s/^: \([^ ]*\) $/  {\"\1\", (lt_ptr) 0},/p'\'' -e '\''s/^[BCDEGRST] \([^ ]*\) \([^ ]*\)$/  {"\2", (lt_ptr) \&\2},/p'\'''
lt_cv_sys_global_symbol_to_cdecl='sed -n -e '\''s/^. .* \(.*\)$/extern int \1;/p'\'''
lt_cv_sys_lib_dlsearch_path_spec='/usr/local/lib /lib /usr/lib'
lt_cv_sys_lib_search_path_spec='/usr/lib/gcc/i686-apple-darwin10/4.2.1/x86_64 /usr/lib/i686-apple-darwin10/4.2.1 /usr/lib /usr/local/lib'
lt_cv_sys_max_cmd_len=196608
lt_lt_cv_prog_compiler_c_o='"yes"'
lt_lt_cv_prog_compiler_c_o_CXX='"yes"'
lt_lt_cv_sys_global_symbol_pipe='"sed -n -e '\''s/^.*[ 	]\\([BCDEGRST][BCDEGRST]*\\)[ 	][ 	]*_\\([_A-Za-z][_A-Za-z0-9]*\\)\$/\\1 _\\2 \\2/p'\''"'
lt_lt_cv_sys_global_symbol_to_c_name_address='"sed -n -e '\''s/^: \\([^ ]*\\) \$/  {\\\"\\1\\\", (lt_ptr) 0},/p'\'' -e '\''s/^[BCDEGRST] \\([^ ]*\\) \\([^ ]*\\)\$/  {\"\\2\", (lt_ptr) \\&\\2},/p'\''"'
lt_lt_cv_sys_global_symbol_to_cdecl='"sed -n -e '\''s/^. .* \\(.*\\)\$/extern int \\1;/p'\''"'

## ----------------- ##
## Output variables. ##
## ----------------- ##

ACLOCAL='${SHELL} /Users/blubben/importer/libcsv_parser++-1.0.0/missing --run aclocal-1.10'
AMDEPBACKSLASH='\'
AMDEP_FALSE='#'
AMDEP_TRUE=''
AMTAR='${SHELL} /Users/blubben/importer/libcsv_parser++-1.0.0/missing --run tar'
AR='ar'
AUTOCONF='${SHELL} /Users/blubben/importer/libcsv_parser++-1.0.0/missing --run autoconf'
AUTOHEADER='${SHELL} /Users/blubben/importer/libcsv_parser++-1.0.0/missing --run autoheader'
AUTOMAKE='${SHELL} /Users/blubben/importer/libcsv_parser++-1.0.0/missing --run automake-1.10'
AWK='awk'
CC='gcc'
CCDEPMODE='depmode=gcc3'
CFLAGS='-g -O2'
CPP='gcc -E'
CPPFLAGS=''
CXX='g++'
CXXCPP='g++ -E'
CXXDEPMODE='depmode=gcc3'
CXXFLAGS='-g -O2'
CYGPATH_W='echo'
DEFS='-DPACKAGE_NAME=\"libcsv_parser++\" -DPACKAGE_TARNAME=\"libcsv_parser++-dev\" -DPACKAGE_VERSION=\"1.0.0\" -DPACKAGE_STRING=\"libcsv_parser++\ 1.0.0\" -DPACKAGE_BUGREPORT=\"israel.ekpo@israelekpo.com\" -DPACKAGE=\"libcsv_parser++\" -DVERSION=\"1.0.0\" -DSTDC_HEADERS=1 -DHAVE_SYS_TYPES_H=1 -DHAVE_SYS_STAT_H=1 -DHAVE_STDLIB_H=1 -DHAVE_STRING_H=1 -DHAVE_MEMORY_H=1 -DHAVE_STRINGS_H=1 -DHAVE_INTTYPES_H=1 -DHAVE_STDINT_H=1 -DHAVE_UNISTD_H=1 -DHAVE_DLFCN_H=1'
DEPDIR='.deps'
DSYMUTIL='dsymutil'
ECHO='/bin/echo'
ECHO_C='ECHO_N=''
ECHO_T=''
EGREP='/usr/bin/grep -E'
EXEEXT=''
F77=''
FFLAGS=''
GREP='/usr/bin/grep'
INSTALL_DATA='${INSTALL} -m 644'
INSTALL_PROGRAM='${INSTALL}'
INSTALL_SCRIPT='${INSTALL}'
INSTALL_STRIP_PROGRAM='$(install_sh) -c -s'
LDFLAGS=''
LIBOBJS=''
LIBS=''
LIBTOOL='$(SHELL) $(top_builddir)/libtool'
LN_S='ln -s'
LTLIBOBJS=''
MAKEINFO='${SHELL} /Users/blubben/importer/libcsv_parser++-1.0.0/missing --run makeinfo'
NMEDIT='nmedit'
OBJEXT='o'
PACKAGE='libcsv_parser++'
PACKAGE_BUGREPORT='israel.ekpo@israelekpo.com'
PACKAGE_NAME='libcsv_parser++'
PACKAGE_STRING='libcsv_parser++ 1.0.0'
PACKAGE_TARNAME='libcsv_parser++-dev'
PACKAGE_VERSION='1.0.0'
PATH_SEPARATOR=':'
RANLIB='ranlib'
SED='/usr/bin/sed'
SET_MAKE=''
SHELL='/bin/sh'
STRIP='strip'
VERSION='1.0.0'
ac_ct_CC='gcc'
ac_ct_CXX='g++'
ac_ct_F77=''
ac_prefix_program=''
am__fastdepCC_FALSE='#'
am__fastdepCC_TRUE=''
am__fastdepCXX_FALSE='#'
am__fastdepCXX_TRUE=''
am__include='include'
am__isrc=''
am__leading_dot='.'
am__quote=''
am__tar='${AMTAR} chof - "$$tardir"'
am__untar='${AMTAR} xf -'
bindir='${exec_prefix}/bin'
build='i386-apple-darwin10.8.0'
build_alias=''
build_cpu='i386'
build_os='darwin10.8.0'
build_vendor='apple'
datadir='${datarootdir}'
datarootdir='${prefix}/share'
docdir='${datarootdir}/doc/${PACKAGE_TARNAME}'
dvidir='${docdir}'
exec_prefix='${prefix}'
host='i386-apple-darwin10.8.0'
host_alias=''
host_cpu='i386'
host_os='darwin10.8.0'
host_vendor='apple'
htmldir='${docdir}'
includedir='${prefix}/include'
infodir='${datarootdir}/info'
install_sh='$(SHELL) /Users/blubben/importer/libcsv_parser++-1.0.0/install-sh'
libdir='${exec_prefix}/lib'
libexecdir='${exec_prefix}/libexec'
libtool_path='true'
localedir='${datarootdir}/locale'
localstatedir='${prefix}/var'
mandir='${datarootdir}/man'
mkdir_p='$(top_builddir)/./install-sh -c -d'
oldincludedir='/usr/include'
pdfdir='${docdir}'
prefix='/usr'
program_transform_name='s,x,x,'
psdir='${docdir}'
sbindir='${exec_prefix}/sbin'
sharedstatedir='${prefix}/com'
sysconfdir='${prefix}/etc'
target_alias=''

## ----------- ##
## confdefs.h. ##
## ----------- ##

#define PACKAGE_NAME "libcsv_parser++"
#define PACKAGE_TARNAME "libcsv_parser++-dev"
#define PACKAGE_VERSION "1.0.0"
#define PACKAGE_STRING "libcsv_parser++ 1.0.0"
#define PACKAGE_BUGREPORT "israel.ekpo@israelekpo.com"
#define PACKAGE "libcsv_parser++"
#define VERSION "1.0.0"
#define STDC_HEADERS 1
#define HAVE_SYS_TYPES_H 1
#define HAVE_SYS_STAT_H 1
#define HAVE_STDLIB_H 1
#define HAVE_STRING_H 1
#define HAVE_MEMORY_H 1
#define HAVE_STRINGS_H 1
#define HAVE_INTTYPES_H 1
#define HAVE_STDINT_H 1
#define HAVE_UNISTD_H 1
#define HAVE_DLFCN_H 1

configure: exit 0
